<?xml version="1.0" encoding="UTF-8"?>
<!-- Generated by org.testng.reporters.JUnitReportReporter -->
<testsuite hostname="IETSMH02D098" name="student.LoginTest" tests="1" failures="0" timestamp="22 Nov 2017 09:13:52 GMT" time="144.448" errors="0">
  <testcase name="first" time="144.448" classname="student.LoginTest"/>
</testsuite> <!-- student.LoginTest -->
