<?xml version="1.0" encoding="UTF-8"?>
<!-- Generated by org.testng.reporters.JUnitReportReporter -->
<testsuite hostname="IETSMH02D098" name="student.ExternalUrlStatus" tests="3" failures="0" timestamp="9 Mar 2018 04:37:15 GMT" time="65.828" errors="0">
  <testcase name="GeneoStudentURL" time="18.533" classname="student.ExternalUrlStatus"/>
  <testcase name="GeneoURL" time="13.414" classname="student.ExternalUrlStatus"/>
  <testcase name="ExplorimentsURL" time="33.881" classname="student.ExternalUrlStatus"/>
</testsuite> <!-- student.ExternalUrlStatus -->
