<?xml version="1.0" encoding="UTF-8"?>
<!-- Generated by org.testng.reporters.JUnitReportReporter -->
<testsuite hostname="IETSMH02D098" name="signupcode.signUp" tests="10" failures="0" timestamp="19 Sep 2017 11:22:57 GMT" time="103.704" errors="0">
  <testcase name="Without_selection_of_standards" time="8.533" classname="signupcode.signUp"/>
  <testcase name="positive_testing" time="15.663" classname="signupcode.signUp"/>
  <testcase name="Without_selection_of_reletion" time="9.079" classname="signupcode.signUp"/>
  <testcase name="name_field_blank_test" time="9.192" classname="signupcode.signUp"/>
  <testcase name="Without_Password_field" time="8.964" classname="signupcode.signUp"/>
  <testcase name="ALl_blank" time="15.728" classname="signupcode.signUp"/>
  <testcase name="without_selection_of_i_agree" time="8.540" classname="signupcode.signUp"/>
  <testcase name="Without_confirm_password_field" time="8.864" classname="signupcode.signUp"/>
  <testcase name="Without_email_address" time="8.854" classname="signupcode.signUp"/>
  <testcase name="Without_mobile_number_field" time="10.287" classname="signupcode.signUp"/>
</testsuite> <!-- signupcode.signUp -->
