<?xml version="1.0" encoding="UTF-8"?>
<!-- Generated by org.testng.reporters.JUnitReportReporter -->
<testsuite hostname="IETSMH02D098" name="signupcode.signUp_TestNG" tests="1" failures="0" timestamp="28 Nov 2017 09:25:01 GMT" time="445.724" errors="0">
  <testcase name="ALl_blank" time="445.724" classname="signupcode.signUp_TestNG"/>
</testsuite> <!-- signupcode.signUp_TestNG -->
