<?xml version="1.0" encoding="UTF-8"?>
<!-- Generated by org.testng.reporters.JUnitReportReporter -->
<testsuite hostname="IETSMH02D098" name="testngg.dependency" tests="5" failures="0" timestamp="6 Oct 2017 12:15:31 GMT" time="6.689" errors="0">
  <testcase name="login" time="0.462" classname="testngg.dependency"/>
  <testcase name="login" time="0.354" classname="testngg.dependency"/>
  <testcase name="login" time="5.176" classname="testngg.dependency"/>
  <testcase name="login" time="0.367" classname="testngg.dependency"/>
  <testcase name="login" time="0.330" classname="testngg.dependency"/>
</testsuite> <!-- testngg.dependency -->
