<?xml version="1.0" encoding="UTF-8"?>
<!-- Generated by org.testng.reporters.JUnitReportReporter -->
<testsuite hostname="IETSMH02D098" name="testngg.Practis" tests="3" failures="0" timestamp="14 Sep 2017 06:46:19 GMT" time="0.013" errors="0">
  <testcase name="signup" time="0.002" classname="testngg.Practis"/>
  <testcase name="logout" time="0.010" classname="testngg.Practis"/>
  <testcase name="login" time="0.001" classname="testngg.Practis"/>
</testsuite> <!-- testngg.Practis -->
