<?xml version="1.0" encoding="UTF-8"?>
<!-- Generated by org.testng.reporters.JUnitReportReporter -->
<testsuite hostname="IETSMH02D098" name="signupcode.Profile_UserInformation" tests="1" failures="0" timestamp="22 Sep 2017 13:35:26 GMT" time="47.785" errors="0">
  <testcase name="Without_name" time="47.785" classname="signupcode.Profile_UserInformation"/>
</testsuite> <!-- signupcode.Profile_UserInformation -->
