<?xml version="1.0" encoding="UTF-8"?>
<!-- Generated by org.testng.reporters.JUnitReportReporter -->
<testsuite hostname="IETSMH02D098" name="signupcode.Login_page" tests="7" failures="0" timestamp="6 Oct 2017 11:49:35 GMT" time="106.889" errors="0">
  <testcase name="positive_testing" time="14.189" classname="signupcode.Login_page"/>
  <testcase name="Forgot_password_with_Blank_emailID" time="17.240" classname="signupcode.Login_page"/>
  <testcase name="with_blank_UserName_And_password" time="18.388" classname="signupcode.Login_page"/>
  <testcase name="with_only_username" time="13.380" classname="signupcode.Login_page"/>
  <testcase name="Forgot_password_with_incorrect_emailID" time="14.906" classname="signupcode.Login_page"/>
  <testcase name="with_only_Password" time="13.973" classname="signupcode.Login_page"/>
  <testcase name="Forgot_password_positive" time="14.813" classname="signupcode.Login_page"/>
</testsuite> <!-- signupcode.Login_page -->
