<?xml version="1.0" encoding="UTF-8"?>
<!-- Generated by org.testng.reporters.JUnitReportReporter -->
<testsuite hostname="IETSMH02D098" name="testngg.demo" tests="3" failures="0" timestamp="6 Oct 2017 10:21:28 GMT" time="0.000" errors="0">
  <testcase name="logout" time="0.000" classname="testngg.demo"/>
  <testcase name="login" time="0.000" classname="testngg.demo"/>
  <testcase name="signup" time="0.000" classname="testngg.demo"/>
</testsuite> <!-- testngg.demo -->
