<?xml version="1.0" encoding="UTF-8"?>
<!-- Generated by org.testng.reporters.JUnitReportReporter -->
<testsuite skipped="0" hostname="Atul" name="Com.GeneoStudent.Testcases.LoginPageTest" tests="1" failures="0" timestamp="04 Mar 2018 17:45:40 GMT" time="0.787" errors="0">
  <testcase name="LoginNegativeTest" time="0.787" classname="Com.GeneoStudent.Testcases.LoginPageTest"/>
</testsuite> <!-- Com.GeneoStudent.Testcases.LoginPageTest -->
